Crashlog created at 2014-05-27 08:14:04 +0200

===== MESSAGE:

ArgumentError: different prefix: "" and "/harvest-nav"

===== COMPILATION STACK:

  (empty)

===== STACK TRACE:

  0. /usr/lib/ruby/1.9.1/pathname.rb:465:in `relative_path_from'
  1. /var/lib/gems/1.9.1/gems/nanoc-3.6.11/lib/nanoc/helpers/link_to.rb:146:in `relative_path_to'
  2. layout /tags/:5:in `block in get_binding'
  3. layout /tags/:4:in `each'
  4. layout /tags/:4:in `get_binding'
  5. /usr/lib/ruby/1.9.1/erb.rb:838:in `eval'
  6. /usr/lib/ruby/1.9.1/erb.rb:838:in `result'
  7. /var/lib/gems/1.9.1/gems/nanoc-3.6.11/lib/nanoc/filters/erb.rb:34:in `run'
  8. /var/lib/gems/1.9.1/gems/nanoc-3.6.11/lib/nanoc/base/compilation/filter.rb:121:in `setup_and_run'
  9. /var/lib/gems/1.9.1/gems/nanoc-3.6.11/lib/nanoc/helpers/rendering.rb:120:in `render'
  10. layout /default/:37:in `get_binding'
  11. /usr/lib/ruby/1.9.1/erb.rb:838:in `eval'
  12. /usr/lib/ruby/1.9.1/erb.rb:838:in `result'
  13. /var/lib/gems/1.9.1/gems/nanoc-3.6.11/lib/nanoc/filters/erb.rb:34:in `run'
  14. /var/lib/gems/1.9.1/gems/nanoc-3.6.11/lib/nanoc/base/compilation/filter.rb:121:in `setup_and_run'
  15. /var/lib/gems/1.9.1/gems/nanoc-3.6.11/lib/nanoc/base/result_data/item_rep.rb:403:in `layout'
  16. /var/lib/gems/1.9.1/gems/nanoc-3.6.11/lib/nanoc/base/compilation/item_rep_proxy.rb:69:in `layout'
  17. /var/lib/gems/1.9.1/gems/nanoc-3.6.11/lib/nanoc/base/compilation/rule_context.rb:74:in `layout'
  18. ./Rules:68:in `block in load'
  19. /var/lib/gems/1.9.1/gems/nanoc-3.6.11/lib/nanoc/base/compilation/rule.rb:70:in `instance_eval'
  20. /var/lib/gems/1.9.1/gems/nanoc-3.6.11/lib/nanoc/base/compilation/rule.rb:70:in `apply_to'
  21. /var/lib/gems/1.9.1/gems/nanoc-3.6.11/lib/nanoc/base/compilation/compiler.rb:385:in `compile_rep'
  22. /var/lib/gems/1.9.1/gems/nanoc-3.6.11/lib/nanoc/base/compilation/compiler.rb:341:in `block in compile_reps'
  23. /var/lib/gems/1.9.1/gems/nanoc-3.6.11/lib/nanoc/base/compilation/compiler.rb:334:in `loop'
  24. /var/lib/gems/1.9.1/gems/nanoc-3.6.11/lib/nanoc/base/compilation/compiler.rb:334:in `compile_reps'
  25. /var/lib/gems/1.9.1/gems/nanoc-3.6.11/lib/nanoc/base/compilation/compiler.rb:89:in `run'
  26. /var/lib/gems/1.9.1/gems/nanoc-3.6.11/lib/nanoc/base/source_data/site.rb:58:in `compile'
  27. /var/lib/gems/1.9.1/gems/guard-nanoc-1.0.2/lib/guard/nanoc.rb:65:in `block in recompile'
  28. /var/lib/gems/1.9.1/gems/guard-nanoc-1.0.2/lib/guard/nanoc.rb:63:in `chdir'
  29. /var/lib/gems/1.9.1/gems/guard-nanoc-1.0.2/lib/guard/nanoc.rb:63:in `recompile'
  30. /var/lib/gems/1.9.1/gems/guard-nanoc-1.0.2/lib/guard/nanoc.rb:28:in `run_on_changes'
  31. /var/lib/gems/1.9.1/gems/guard-2.6.1/lib/guard/runner.rb:74:in `block in run_supervised_task'
  32. /var/lib/gems/1.9.1/gems/guard-2.6.1/lib/guard/runner.rb:71:in `catch'
  33. /var/lib/gems/1.9.1/gems/guard-2.6.1/lib/guard/runner.rb:71:in `run_supervised_task'
  34. /var/lib/gems/1.9.1/gems/guard-2.6.1/lib/guard/runner.rb:119:in `block in _run_first_task_found'
  35. /var/lib/gems/1.9.1/gems/guard-2.6.1/lib/guard/runner.rb:117:in `each'
  36. /var/lib/gems/1.9.1/gems/guard-2.6.1/lib/guard/runner.rb:117:in `_run_first_task_found'
  37. /var/lib/gems/1.9.1/gems/guard-2.6.1/lib/guard/runner.rb:53:in `block in run_on_changes'
  38. /var/lib/gems/1.9.1/gems/guard-2.6.1/lib/guard/runner.rb:150:in `block (3 levels) in _scoped_plugins'
  39. /var/lib/gems/1.9.1/gems/guard-2.6.1/lib/guard/runner.rb:148:in `each'
  40. /var/lib/gems/1.9.1/gems/guard-2.6.1/lib/guard/runner.rb:148:in `block (2 levels) in _scoped_plugins'
  41. /var/lib/gems/1.9.1/gems/guard-2.6.1/lib/guard/runner.rb:147:in `catch'
  42. /var/lib/gems/1.9.1/gems/guard-2.6.1/lib/guard/runner.rb:147:in `block in _scoped_plugins'
  43. /var/lib/gems/1.9.1/gems/guard-2.6.1/lib/guard/runner.rb:145:in `each'
  44. /var/lib/gems/1.9.1/gems/guard-2.6.1/lib/guard/runner.rb:145:in `_scoped_plugins'
  45. /var/lib/gems/1.9.1/gems/guard-2.6.1/lib/guard/runner.rb:46:in `run_on_changes'
  46. /var/lib/gems/1.9.1/gems/guard-2.6.1/lib/guard/setuper.rb:296:in `block (2 levels) in _listener_callback'
  47. /var/lib/gems/1.9.1/gems/guard-2.6.1/lib/guard/commander.rb:108:in `block in within_preserved_state'
  48. <internal:prelude>:10:in `synchronize'
  49. /var/lib/gems/1.9.1/gems/guard-2.6.1/lib/guard/commander.rb:105:in `within_preserved_state'
  50. /var/lib/gems/1.9.1/gems/guard-2.6.1/lib/guard/setuper.rb:295:in `block in _listener_callback'
  51. /var/lib/gems/1.9.1/gems/listen-2.7.5/lib/listen/listener.rb:159:in `call'
  52. /var/lib/gems/1.9.1/gems/listen-2.7.5/lib/listen/listener.rb:159:in `block in _wait_for_changes'
  53. /var/lib/gems/1.9.1/gems/listen-2.7.5/lib/listen/listener.rb:148:in `loop'
  54. /var/lib/gems/1.9.1/gems/listen-2.7.5/lib/listen/listener.rb:148:in `_wait_for_changes'

===== VERSION INFORMATION:

nanoc 3.6.11 © 2007-2014 Denis Defreyne.
Running ruby 1.9.3 (2013-11-22) on x86_64-linux with RubyGems 1.8.23.

===== SYSTEM INFORMATION:

Linux yazgoo-ThinkPad-X240 3.13.0-24-generic #47-Ubuntu SMP Fri May 2 23:30:00 UTC 2014 x86_64 x86_64 x86_64 GNU/Linux

===== INSTALLED GEMS:

  adsf 1.2.0
  bundler 1.3.5
  celluloid 0.15.2
  coderay 1.1.0
  colored 1.2
  colorize 0.7.3
  cri 2.6.0
  ffi 1.9.3
  formatador 0.2.5
  guard 2.6.1
  guard-nanoc 1.0.2
  kramdown 1.3.3
  listen 2.7.5
  lumberjack 1.0.5
  method_source 0.8.2
  nanoc 3.6.11
  net-http-persistent 2.9
  pry 0.9.12.6
  rack 1.5.2
  rb-fsevent 0.9.4
  rb-inotify 0.9.4
  rdoc 3.9.4
  slop 3.5.0
  stringex 2.5.2
  thor 0.18.1.20140116
  timers 1.1.0

===== ENVIRONMENT:

CLUTTER_IM_MODULE => "xim"
COLORTERM => "gnome-terminal"
COLUMNS => "144"
COMPIZ_CONFIG_PROFILE => "ubuntu"
DBUS_DEBUG_OUTPUT => "1"
DBUS_SESSION_BUS_ADDRESS => "unix:abstract=/tmp/dbus-lNNoN5wII2,guid=8df85b58ab4eb540f5209a425381ccb1"
DBUS_STARTER_ADDRESS => "unix:abstract=/tmp/dbus-lNNoN5wII2,guid=8df85b58ab4eb540f5209a425381ccb1"
DBUS_STARTER_BUS_TYPE => "session"
DEFAULTS_PATH => "/usr/share/gconf/ubuntu.default.path"
DESKTOP_SESSION => "ubuntu"
DISPLAY => ":0"
GDMSESSION => "ubuntu"
GDM_LANG => "en_US"
GNOME_DESKTOP_SESSION_ID => "this-is-deprecated"
GNOME_KEYRING_CONTROL => "/run/user/1000/keyring-B7i24i"
GNOME_KEYRING_PID => "1510"
GPG_AGENT_INFO => "/run/user/1000/keyring-B7i24i/gpg:0:1"
GTK_IM_MODULE => "ibus"
GTK_MODULES => "overlay-scrollbar:unity-gtk-module"
GUARD_NOTIFIERS => "---\n- :name: :notifysend\n  :options:\n    :silent: true\n- :name: :tmux\n  :options:\n    :silent: true\n- :name: :terminal_title\n  :options:\n    :silent: true\n"
GUARD_NOTIFY => "true"
HOME => "/home/yazgoo"
IM_CONFIG_PHASE => "1"
INSTANCE => ""
JOB => "xsession-init"
LANG => "en_US.UTF-8"
LANGUAGE => "en_US"
LC_ADDRESS => "fr_FR.UTF-8"
LC_IDENTIFICATION => "fr_FR.UTF-8"
LC_MEASUREMENT => "fr_FR.UTF-8"
LC_MONETARY => "fr_FR.UTF-8"
LC_NAME => "fr_FR.UTF-8"
LC_NUMERIC => "fr_FR.UTF-8"
LC_PAPER => "fr_FR.UTF-8"
LC_TELEPHONE => "fr_FR.UTF-8"
LC_TIME => "fr_FR.UTF-8"
LESSCLOSE => "/usr/bin/lesspipe %s %s"
LESSOPEN => "| /usr/bin/lesspipe %s"
LINES => "37"
LOGNAME => "yazgoo"
LS_COLORS => "rs=0:di=01;34:ln=01;36:mh=00:pi=40;33:so=01;35:do=01;35:bd=40;33;01:cd=40;33;01:or=40;31;01:su=37;41:sg=30;43:ca=30;41:tw=30;42:ow=34;42:st=37;44:ex=01;32:*.tar=01;31:*.tgz=01;31:*.arj=01;31:*.taz=01;31:*.lzh=01;31:*.lzma=01;31:*.tlz=01;31:*.txz=01;31:*.zip=01;31:*.z=01;31:*.Z=01;31:*.dz=01;31:*.gz=01;31:*.lz=01;31:*.xz=01;31:*.bz2=01;31:*.bz=01;31:*.tbz=01;31:*.tbz2=01;31:*.tz=01;31:*.deb=01;31:*.rpm=01;31:*.jar=01;31:*.war=01;31:*.ear=01;31:*.sar=01;31:*.rar=01;31:*.ace=01;31:*.zoo=01;31:*.cpio=01;31:*.7z=01;31:*.rz=01;31:*.jpg=01;35:*.jpeg=01;35:*.gif=01;35:*.bmp=01;35:*.pbm=01;35:*.pgm=01;35:*.ppm=01;35:*.tga=01;35:*.xbm=01;35:*.xpm=01;35:*.tif=01;35:*.tiff=01;35:*.png=01;35:*.svg=01;35:*.svgz=01;35:*.mng=01;35:*.pcx=01;35:*.mov=01;35:*.mpg=01;35:*.mpeg=01;35:*.m2v=01;35:*.mkv=01;35:*.webm=01;35:*.ogm=01;35:*.mp4=01;35:*.m4v=01;35:*.mp4v=01;35:*.vob=01;35:*.qt=01;35:*.nuv=01;35:*.wmv=01;35:*.asf=01;35:*.rm=01;35:*.rmvb=01;35:*.flc=01;35:*.avi=01;35:*.fli=01;35:*.flv=01;35:*.gl=01;35:*.dl=01;35:*.xcf=01;35:*.xwd=01;35:*.yuv=01;35:*.cgm=01;35:*.emf=01;35:*.axv=01;35:*.anx=01;35:*.ogv=01;35:*.ogx=01;35:*.aac=00;36:*.au=00;36:*.flac=00;36:*.mid=00;36:*.midi=00;36:*.mka=00;36:*.mp3=00;36:*.mpc=00;36:*.ogg=00;36:*.ra=00;36:*.wav=00;36:*.axa=00;36:*.oga=00;36:*.spx=00;36:*.xspf=00;36:"
MANDATORY_PATH => "/usr/share/gconf/ubuntu.mandatory.path"
OLDPWD => "/home/yazgoo/dev"
PATH => "/usr/local/sbin:/usr/local/bin:/usr/sbin:/usr/bin:/sbin:/bin:/usr/games:/usr/local/games"
PWD => "/home/yazgoo/dev/it_must_be_bunnies"
QT4_IM_MODULE => "xim"
QT_QPA_PLATFORMTHEME => "appmenu-qt5"
SELINUX_INIT => "YES"
SESSIONTYPE => "gnome-session"
SESSION_MANAGER => "local/yazgoo-ThinkPad-X240:@/tmp/.ICE-unix/1665,unix/yazgoo-ThinkPad-X240:/tmp/.ICE-unix/1665"
SHELL => "/bin/bash"
SHLVL => "2"
SSH_AUTH_SOCK => "/run/user/1000/keyring-B7i24i/ssh"
TERM => "screen"
TEXTDOMAIN => "im-config"
TEXTDOMAINDIR => "/usr/share/locale/"
TMUX => "/tmp/tmux-1000/default,3128,0"
TMUX_PANE => "%6"
UPSTART_EVENTS => "starting"
UPSTART_INSTANCE => ""
UPSTART_JOB => "dbus"
UPSTART_SESSION => "unix:abstract=/com/ubuntu/upstart-session/1000/1513"
USER => "yazgoo"
VTE_VERSION => "3409"
WINDOWID => "58720268"
XAPIAN_CJK_NGRAM => "1"
XAUTHORITY => "/home/yazgoo/.Xauthority"
XDG_CONFIG_DIRS => "/etc/xdg/xdg-ubuntu:/usr/share/upstart/xdg:/etc/xdg"
XDG_CURRENT_DESKTOP => "Unity"
XDG_DATA_DIRS => "/usr/share/ubuntu:/usr/share/gnome:/usr/local/share/:/usr/share/"
XDG_GREETER_DATA_DIR => "/var/lib/lightdm-data/yazgoo"
XDG_MENU_PREFIX => "gnome-"
XDG_RUNTIME_DIR => "/run/user/1000"
XDG_SEAT => "seat0"
XDG_SEAT_PATH => "/org/freedesktop/DisplayManager/Seat0"
XDG_SESSION_ID => "c2"
XDG_SESSION_PATH => "/org/freedesktop/DisplayManager/Session0"
XDG_VTNR => "7"
XMODIFIERS => "@im=ibus"
_ => "/usr/local/bin/guard"

===== LOAD PATHS:

  0. /usr/share/rubygems-integration/1.9.1/gems/thor-0.18.1.20140116/lib
  1. /var/lib/gems/1.9.1/gems/timers-1.1.0/lib
  2. /var/lib/gems/1.9.1/gems/celluloid-0.15.2/lib
  3. /var/lib/gems/1.9.1/gems/rb-fsevent-0.9.4/lib
  4. /var/lib/gems/1.9.1/gems/ffi-1.9.3/lib
  5. /var/lib/gems/1.9.1/gems/ffi-1.9.3/ext/ffi_c
  6. /var/lib/gems/1.9.1/gems/rb-inotify-0.9.4/lib
  7. /var/lib/gems/1.9.1/gems/listen-2.7.5/lib
  8. /var/lib/gems/1.9.1/gems/coderay-1.1.0/lib
  9. /var/lib/gems/1.9.1/gems/slop-3.5.0/lib
  10. /var/lib/gems/1.9.1/gems/method_source-0.8.2/lib
  11. /var/lib/gems/1.9.1/gems/pry-0.9.12.6/lib
  12. /var/lib/gems/1.9.1/gems/lumberjack-1.0.5/lib
  13. /var/lib/gems/1.9.1/gems/formatador-0.2.5/lib
  14. /var/lib/gems/1.9.1/gems/guard-2.6.1/lib
  15. /var/lib/gems/1.9.1/gems/colored-1.2/lib
  16. /var/lib/gems/1.9.1/gems/cri-2.6.0/lib
  17. /var/lib/gems/1.9.1/gems/nanoc-3.6.11/lib
  18. /var/lib/gems/1.9.1/gems/guard-nanoc-1.0.2/lib
  19. /var/lib/gems/1.9.1/gems/stringex-2.5.2/lib
  20. /var/lib/gems/1.9.1/gems/colorize-0.7.3/lib
  21. /var/lib/gems/1.9.1/gems/kramdown-1.3.3/lib
  22. /usr/local/lib/site_ruby/1.9.1
  23. /usr/local/lib/site_ruby/1.9.1/x86_64-linux
  24. /usr/local/lib/site_ruby
  25. /usr/lib/ruby/vendor_ruby/1.9.1
  26. /usr/lib/ruby/vendor_ruby/1.9.1/x86_64-linux
  27. /usr/lib/ruby/vendor_ruby
  28. /usr/lib/ruby/1.9.1
  29. /usr/lib/ruby/1.9.1/x86_64-linux
